<?xml version="1.0" encoding="UTF-8"?>
<testsuite name="&lt;= BookShelf Specification =&gt;" tests="1" skipped="0" failures="0" errors="0" timestamp="2022-07-12T20:53:43" hostname="softport" time="0.021">
  <properties/>
  <testcase name="books_in_shelf_are_in_insertion_order_after_calling_arrange()" classname="bookstoread.BookShelfSpec" time="0.021"/>
  <system-out><![CDATA[]]></system-out>
  <system-err><![CDATA[]]></system-err>
</testsuite>
